<?xml version="1.0" encoding="UTF-8"?>
<!-- Generated by org.testng.reporters.JUnitReportReporter -->
<testsuite skipped="0" hostname="DESKTOP-75UR535" name="RegressionScripts.Regression" tests="4" failures="0" timestamp="2020-08-14T22:51:36 IST" time="138.720" errors="0">
  <testcase name="verifyActitimeVersion" time="40.757" classname="RegressionScripts.Regression"/>
  <system-out/>
  <testcase name="validLoginLogout" time="27.183" classname="RegressionScripts.Regression"/>
  <system-out/>
  <testcase name="sendBugReport" time="38.922" classname="RegressionScripts.Regression"/>
  <system-out/>
  <testcase name="inavalidLogin" time="31.858" classname="RegressionScripts.Regression"/>
  <system-out/>
</testsuite> <!-- RegressionScripts.Regression -->
